RUNNING on port 4200
[0mPOST /api/login [33m404 [0m14.712 ms - 40[0m
Executing (default): insert into user (name,address,email,password) values ('zayn','melaka','zayn@gmail.com','zayn1234')
Executing (default): select * from user where user_id = 28
[0mPOST /api/signUp [32m200 [0m76.235 ms - 2[0m
Executing (default): select * from products where product_name = 'goku' and product_description = 'dragon ball'
undefined
[0mPOST /api/listproduct [32m200 [0m33.837 ms - 91[0m
Executing (default): select * from products where product_name = 'goku' and product_description = 'dragon ball'
undefined
[0mPOST /api/listproduct [32m200 [0m2.642 ms - 91[0m
Executing (default): select * from products where product_name = 'goku' and product_description = 'dragon ball'
undefined
[0mPOST /api/listproduct [32m200 [0m1.877 ms - 91[0m
Executing (default): select * from products where product_name = 'goku' and product_description = 'dragon ball'
undefined
[0mPOST /api/listproduct [32m200 [0m2.030 ms - 91[0m
Executing (default): select * from products where product_name = 'samsung' and product_description = 'galaxy note 5'
undefined
[0mPOST /api/listproduct [32m200 [0m3.895 ms - 95[0m
Executing (default): select * from user where name = 'zayn' and password = 'zayn1234'
undefined
[0mPOST /api/user [32m200 [0m7.728 ms - 94[0m
